<?xml version="1.0" encoding="UTF-8"?>
<testng-results skipped="0" failed="0" total="1" passed="1">
  <reporter-output>
  </reporter-output>
  <suite name="Default suite" duration-ms="53673" started-at="2019-06-25T15:09:23Z" finished-at="2019-06-25T15:10:16Z">
    <groups>
    </groups>
    <test name="Default test" duration-ms="53673" started-at="2019-06-25T15:09:23Z" finished-at="2019-06-25T15:10:16Z">
      <class name="RohithAcedamy.Homepage">
        <test-method status="PASS" signature="performelogin()[pri:0, instance:RohithAcedamy.Homepage@548b7f67]" name="performelogin" duration-ms="53647" started-at="2019-06-25T20:39:23Z" finished-at="2019-06-25T20:40:16Z">
          <reporter-output>
          </reporter-output>
        </test-method> <!-- performelogin -->
      </class> <!-- RohithAcedamy.Homepage -->
    </test> <!-- Default test -->
  </suite> <!-- Default suite -->
</testng-results>
